2015-11-12 21:45:00 [-][-][-][error][yii\db\Exception] exception 'PDOException' with message 'SQLSTATE[42S01]: Base table or view already exists: 1050 Table 'user' already exists' in D:\phoy\ndra\dev\aws-gym\gym-yii2-01\vendor\yiisoft\yii2\db\Command.php:781
Stack trace:
#0 D:\phoy\ndra\dev\aws-gym\gym-yii2-01\vendor\yiisoft\yii2\db\Command.php(781): PDOStatement->execute()
#1 D:\phoy\ndra\dev\aws-gym\gym-yii2-01\vendor\yiisoft\yii2\db\Migration.php(260): yii\db\Command->execute()
#2 D:\phoy\ndra\dev\aws-gym\gym-yii2-01\console\migrations\m130524_201442_init.php(27): yii\db\Migration->createTable('{{%user}}', Array, 'CHARACTER SET u...')
#3 D:\phoy\ndra\dev\aws-gym\gym-yii2-01\vendor\yiisoft\yii2\console\controllers\BaseMigrateController.php(492): m130524_201442_init->up()
#4 D:\phoy\ndra\dev\aws-gym\gym-yii2-01\vendor\yiisoft\yii2\console\controllers\BaseMigrateController.php(129): yii\console\controllers\BaseMigrateController->migrateUp('m130524_201442_...')
#5 [internal function]: yii\console\controllers\BaseMigrateController->actionUp(0)
#6 D:\phoy\ndra\dev\aws-gym\gym-yii2-01\vendor\yiisoft\yii2\base\InlineAction.php(55): call_user_func_array(Array, Array)
#7 D:\phoy\ndra\dev\aws-gym\gym-yii2-01\vendor\yiisoft\yii2\base\Controller.php(151): yii\base\InlineAction->runWithParams(Array)
#8 D:\phoy\ndra\dev\aws-gym\gym-yii2-01\vendor\yiisoft\yii2\console\Controller.php(91): yii\base\Controller->runAction('', Array)
#9 D:\phoy\ndra\dev\aws-gym\gym-yii2-01\vendor\yiisoft\yii2\base\Module.php(455): yii\console\Controller->runAction('', Array)
#10 D:\phoy\ndra\dev\aws-gym\gym-yii2-01\vendor\yiisoft\yii2\console\Application.php(167): yii\base\Module->runAction('migrate', Array)
#11 D:\phoy\ndra\dev\aws-gym\gym-yii2-01\vendor\yiisoft\yii2\console\Application.php(143): yii\console\Application->runAction('migrate', Array)
#12 D:\phoy\ndra\dev\aws-gym\gym-yii2-01\vendor\yiisoft\yii2\base\Application.php(375): yii\console\Application->handleRequest(Object(yii\console\Request))
#13 D:\phoy\ndra\dev\aws-gym\gym-yii2-01\yii(27): yii\base\Application->run()
#14 {main}

Next exception 'yii\db\Exception' with message 'SQLSTATE[42S01]: Base table or view already exists: 1050 Table 'user' already exists
The SQL being executed was: CREATE TABLE `user` (
	`id` int(11) NOT NULL AUTO_INCREMENT PRIMARY KEY,
	`username` varchar(255) NOT NULL UNIQUE,
	`auth_key` varchar(32) NOT NULL,
	`password_hash` varchar(255) NOT NULL,
	`password_reset_token` varchar(255) UNIQUE,
	`email` varchar(255) NOT NULL UNIQUE,
	`status` smallint(6) NOT NULL DEFAULT 10,
	`created_at` int(11) NOT NULL,
	`updated_at` int(11) NOT NULL
) CHARACTER SET utf8 COLLATE utf8_unicode_ci ENGINE=InnoDB' in D:\phoy\ndra\dev\aws-gym\gym-yii2-01\vendor\yiisoft\yii2\db\Schema.php:628
Stack trace:
#0 D:\phoy\ndra\dev\aws-gym\gym-yii2-01\vendor\yiisoft\yii2\db\Command.php(791): yii\db\Schema->convertException(Object(PDOException), 'CREATE TABLE `u...')
#1 D:\phoy\ndra\dev\aws-gym\gym-yii2-01\vendor\yiisoft\yii2\db\Migration.php(260): yii\db\Command->execute()
#2 D:\phoy\ndra\dev\aws-gym\gym-yii2-01\console\migrations\m130524_201442_init.php(27): yii\db\Migration->createTable('{{%user}}', Array, 'CHARACTER SET u...')
#3 D:\phoy\ndra\dev\aws-gym\gym-yii2-01\vendor\yiisoft\yii2\console\controllers\BaseMigrateController.php(492): m130524_201442_init->up()
#4 D:\phoy\ndra\dev\aws-gym\gym-yii2-01\vendor\yiisoft\yii2\console\controllers\BaseMigrateController.php(129): yii\console\controllers\BaseMigrateController->migrateUp('m130524_201442_...')
#5 [internal function]: yii\console\controllers\BaseMigrateController->actionUp(0)
#6 D:\phoy\ndra\dev\aws-gym\gym-yii2-01\vendor\yiisoft\yii2\base\InlineAction.php(55): call_user_func_array(Array, Array)
#7 D:\phoy\ndra\dev\aws-gym\gym-yii2-01\vendor\yiisoft\yii2\base\Controller.php(151): yii\base\InlineAction->runWithParams(Array)
#8 D:\phoy\ndra\dev\aws-gym\gym-yii2-01\vendor\yiisoft\yii2\console\Controller.php(91): yii\base\Controller->runAction('', Array)
#9 D:\phoy\ndra\dev\aws-gym\gym-yii2-01\vendor\yiisoft\yii2\base\Module.php(455): yii\console\Controller->runAction('', Array)
#10 D:\phoy\ndra\dev\aws-gym\gym-yii2-01\vendor\yiisoft\yii2\console\Application.php(167): yii\base\Module->runAction('migrate', Array)
#11 D:\phoy\ndra\dev\aws-gym\gym-yii2-01\vendor\yiisoft\yii2\console\Application.php(143): yii\console\Application->runAction('migrate', Array)
#12 D:\phoy\ndra\dev\aws-gym\gym-yii2-01\vendor\yiisoft\yii2\base\Application.php(375): yii\console\Application->handleRequest(Object(yii\console\Request))
#13 D:\phoy\ndra\dev\aws-gym\gym-yii2-01\yii(27): yii\base\Application->run()
#14 {main}
Additional Information:
Array
(
    [0] => 42S01
    [1] => 1050
    [2] => Table 'user' already exists
)

2015-11-12 21:44:54 [-][-][-][info][application] $_SERVER = [
    'ALLUSERSPROFILE' => 'C:\\ProgramData'
    'APPDATA' => 'C:\\Users\\PhePoy\\AppData\\Roaming'
    'CommonProgramFiles' => 'C:\\Program Files\\Common Files'
    'COMPUTERNAME' => 'PHEPOY-PC'
    'ComSpec' => 'C:\\Windows\\system32\\cmd.exe'
    'FP_NO_HOST_CHECK' => 'NO'
    'git_install_root' => 'D:\\phoy\\ndra\\dev\\git-portable\\'
    'HOME' => 'C:\\Users\\PhePoy'
    'HOMEDRIVE' => 'C:'
    'HOMEPATH' => '\\Users\\PhePoy'
    'LOCALAPPDATA' => 'C:\\Users\\PhePoy\\AppData\\Local'
    'LOGONSERVER' => '\\\\PHEPOY-PC'
    'NUMBER_OF_PROCESSORS' => '4'
    'OS' => 'Windows_NT'
    'Path' => 'D:\\phoy\\ndra\\dev\\git-portable\\\\bin;D:\\phoy\\ndra\\dev\\git-portable\\\\mingw\\bin;D:\\phoy\\ndra\\dev\\git-portable\\\\cmd;D:\\phoy\\ndra\\dev\\git-portable;C:\\Python27\\;C:\\Python27\\Scripts;C:\\xampp\\mysql\\bin;C:\\xampp\\php;C:\\ProgramData\\Oracle\\Java\\javapath;C:\\Windows\\system32;C:\\Windows;C:\\Windows\\System32\\Wbem;C:\\Windows\\System32\\WindowsPowerShell\\v1.0\\;C:\\Program Files\\WinSCP\\;C:\\Program Files\\Skype\\Phone\\;C:\\ProgramData\\ComposerSetup\\bin'
    'PATHEXT' => '.COM;.EXE;.BAT;.CMD;.VBS;.VBE;.JS;.JSE;.WSF;.WSH;.MSC'
    'PHP_COMMAND' => 'php.exe'
    'PLINK_PROTOCOL' => 'ssh'
    'PROCESSOR_ARCHITECTURE' => 'x86'
    'PROCESSOR_IDENTIFIER' => 'x86 Family 6 Model 37 Stepping 5, GenuineIntel'
    'PROCESSOR_LEVEL' => '6'
    'PROCESSOR_REVISION' => '2505'
    'ProgramData' => 'C:\\ProgramData'
    'ProgramFiles' => 'C:\\Program Files'
    'PROMPT' => '$P$G'
    'PSModulePath' => 'C:\\Windows\\system32\\WindowsPowerShell\\v1.0\\Modules\\'
    'PUBLIC' => 'C:\\Users\\Public'
    'SESSIONNAME' => 'Console'
    'SystemDrive' => 'C:'
    'SystemRoot' => 'C:\\Windows'
    'TEMP' => 'C:\\Users\\PhePoy\\AppData\\Local\\Temp'
    'TMP' => 'C:\\Users\\PhePoy\\AppData\\Local\\Temp'
    'USERDOMAIN' => 'PhePoy-PC'
    'USERNAME' => 'PhePoy'
    'USERPROFILE' => 'C:\\Users\\PhePoy'
    'windir' => 'C:\\Windows'
    'windows_tracing_flags' => '3'
    'windows_tracing_logfile' => 'C:\\BVTBin\\Tests\\installpackage\\csilogfile.log'
    'YII_PATH' => 'D:\\phoy\\ndra\\dev\\aws-gym\\gym-yii2-01\\'
    'PHP_SELF' => 'D:\\phoy\\ndra\\dev\\aws-gym\\gym-yii2-01\\yii'
    'SCRIPT_NAME' => 'D:\\phoy\\ndra\\dev\\aws-gym\\gym-yii2-01\\yii'
    'SCRIPT_FILENAME' => 'D:\\phoy\\ndra\\dev\\aws-gym\\gym-yii2-01\\yii'
    'PATH_TRANSLATED' => 'D:\\phoy\\ndra\\dev\\aws-gym\\gym-yii2-01\\yii'
    'DOCUMENT_ROOT' => ''
    'REQUEST_TIME_FLOAT' => 1447339494.0954
    'REQUEST_TIME' => 1447339494
    'argv' => [
        0 => 'D:\\phoy\\ndra\\dev\\aws-gym\\gym-yii2-01\\yii'
        1 => 'migrate'
    ]
    'argc' => 2
]
